Temp/gradleOut/launcher/build/intermediates/manifest_merge_blame_file/release/manifest-merger-blame-release-report.txt
1<?xml version="1.0" encoding="utf-8"?>
2<!-- GENERATED BY UNITY. REMOVE THIS COMMENT TO PREVENT OVERWRITING WHEN EXPORTING AGAIN -->
3<manifest xmlns:android="http://schemas.android.com/apk/res/android"
4    package="io.chabok.starter"
5    android:installLocation="preferExternal"
6    android:versionCode="1"
7    android:versionName="1.0.0" >
8
9    <uses-sdk
10        android:minSdkVersion="19"
10-->src/main/AndroidManifest.xml
11        android:targetSdkVersion="29" />
11-->src/main/AndroidManifest.xml
12
13    <supports-screens
13-->src/main/AndroidManifest.xml:4:3-163
14        android:anyDensity="true"
14-->src/main/AndroidManifest.xml:4:135-160
15        android:largeScreens="true"
15-->src/main/AndroidManifest.xml:4:78-105
16        android:normalScreens="true"
16-->src/main/AndroidManifest.xml:4:49-77
17        android:smallScreens="true"
17-->src/main/AndroidManifest.xml:4:21-48
18        android:xlargeScreens="true" />
18-->src/main/AndroidManifest.xml:4:106-134
19
20    <uses-permission android:name="android.permission.INTERNET" />
20-->[:unityLibrary] AndroidManifest.xml:13:5-67
20-->[:unityLibrary] AndroidManifest.xml:13:22-64
21    <uses-permission android:name="android.permission.ACCESS_NETWORK_STATE" /> <!-- Android GCM Plugin -->
21-->[:unityLibrary] AndroidManifest.xml:14:5-79
21-->[:unityLibrary] AndroidManifest.xml:14:22-76
22    <!-- Rewite app package name! -->
23    <permission
23-->[:unityLibrary] AndroidManifest.xml:17:5-19:47
24        android:name="io.chabok.starter.permission.C2D_MESSAGE"
24-->[:unityLibrary] AndroidManifest.xml:18:9-64
25        android:protectionLevel="signature" />
25-->[:unityLibrary] AndroidManifest.xml:19:9-44
26
27    <uses-permission android:name="io.chabok.starter.permission.C2D_MESSAGE" />
27-->[:unityLibrary] AndroidManifest.xml:21:5-80
27-->[:unityLibrary] AndroidManifest.xml:21:22-77
28    <uses-permission android:name="com.google.android.c2dm.permission.RECEIVE" />
28-->[:unityLibrary] AndroidManifest.xml:22:5-82
28-->[:unityLibrary] AndroidManifest.xml:22:22-79
29    <uses-permission android:name="android.permission.INTERNET" />
29-->[:unityLibrary] AndroidManifest.xml:13:5-67
29-->[:unityLibrary] AndroidManifest.xml:13:22-64
30    <uses-permission android:name="android.permission.GET_ACCOUNTS" />
30-->[:unityLibrary] AndroidManifest.xml:24:5-71
30-->[:unityLibrary] AndroidManifest.xml:24:22-68
31    <uses-permission android:name="android.permission.WAKE_LOCK" />
31-->[:unityLibrary] AndroidManifest.xml:25:5-68
31-->[:unityLibrary] AndroidManifest.xml:25:22-65
32
33    <uses-feature android:glEsVersion="0x00030000" />
33-->[:unityLibrary] AndroidManifest.xml:27:5-54
33-->[:unityLibrary] AndroidManifest.xml:27:19-51
34    <uses-feature
34-->[:unityLibrary] AndroidManifest.xml:28:5-30:36
35        android:name="android.hardware.vulkan.version"
35-->[:unityLibrary] AndroidManifest.xml:29:9-55
36        android:required="false" />
36-->[:unityLibrary] AndroidManifest.xml:30:9-33
37    <uses-feature
37-->[:unityLibrary] AndroidManifest.xml:31:5-33:36
38        android:name="android.hardware.touchscreen"
38-->[:unityLibrary] AndroidManifest.xml:32:9-52
39        android:required="false" />
39-->[:unityLibrary] AndroidManifest.xml:33:9-33
40    <uses-feature
40-->[:unityLibrary] AndroidManifest.xml:34:5-36:36
41        android:name="android.hardware.touchscreen.multitouch"
41-->[:unityLibrary] AndroidManifest.xml:35:9-63
42        android:required="false" />
42-->[:unityLibrary] AndroidManifest.xml:36:9-33
43    <uses-feature
43-->[:unityLibrary] AndroidManifest.xml:37:5-39:36
44        android:name="android.hardware.touchscreen.multitouch.distinct"
44-->[:unityLibrary] AndroidManifest.xml:38:9-72
45        android:required="false" /> <!-- for android -->
45-->[:unityLibrary] AndroidManifest.xml:39:9-33
46    <!-- <uses-permission android:name="com.android.launcher.permission.READ_SETTINGS"/> -->
47    <!-- <uses-permission android:name="com.android.launcher.permission.WRITE_SETTINGS"/> -->
48    <!-- <uses-permission android:name="com.android.launcher.permission.INSTALL_SHORTCUT" /> -->
49    <!-- <uses-permission android:name="com.android.launcher.permission.UNINSTALL_SHORTCUT" /> -->
50    <!-- for Samsung -->
51    <uses-permission android:name="com.sec.android.provider.badge.permission.READ" />
51-->[me.leolin:ShortcutBadger:1.1.22] AndroidManifest.xml:19:5-86
51-->[me.leolin:ShortcutBadger:1.1.22] AndroidManifest.xml:19:22-83
52    <uses-permission android:name="com.sec.android.provider.badge.permission.WRITE" /> <!-- for htc -->
52-->[me.leolin:ShortcutBadger:1.1.22] AndroidManifest.xml:20:5-87
52-->[me.leolin:ShortcutBadger:1.1.22] AndroidManifest.xml:20:22-84
53    <uses-permission android:name="com.htc.launcher.permission.READ_SETTINGS" />
53-->[me.leolin:ShortcutBadger:1.1.22] AndroidManifest.xml:23:5-81
53-->[me.leolin:ShortcutBadger:1.1.22] AndroidManifest.xml:23:22-78
54    <uses-permission android:name="com.htc.launcher.permission.UPDATE_SHORTCUT" /> <!-- for sony -->
54-->[me.leolin:ShortcutBadger:1.1.22] AndroidManifest.xml:24:5-83
54-->[me.leolin:ShortcutBadger:1.1.22] AndroidManifest.xml:24:22-80
55    <uses-permission android:name="com.sonyericsson.home.permission.BROADCAST_BADGE" />
55-->[me.leolin:ShortcutBadger:1.1.22] AndroidManifest.xml:27:5-88
55-->[me.leolin:ShortcutBadger:1.1.22] AndroidManifest.xml:27:22-85
56    <uses-permission android:name="com.sonymobile.home.permission.PROVIDER_INSERT_BADGE" /> <!-- for apex -->
56-->[me.leolin:ShortcutBadger:1.1.22] AndroidManifest.xml:28:5-92
56-->[me.leolin:ShortcutBadger:1.1.22] AndroidManifest.xml:28:22-89
57    <uses-permission android:name="com.anddoes.launcher.permission.UPDATE_COUNT" /> <!-- for solid -->
57-->[me.leolin:ShortcutBadger:1.1.22] AndroidManifest.xml:31:5-84
57-->[me.leolin:ShortcutBadger:1.1.22] AndroidManifest.xml:31:22-81
58    <uses-permission android:name="com.majeur.launcher.permission.UPDATE_BADGE" /> <!-- for huawei -->
58-->[me.leolin:ShortcutBadger:1.1.22] AndroidManifest.xml:34:5-83
58-->[me.leolin:ShortcutBadger:1.1.22] AndroidManifest.xml:34:22-80
59    <uses-permission android:name="com.huawei.android.launcher.permission.CHANGE_BADGE" />
59-->[me.leolin:ShortcutBadger:1.1.22] AndroidManifest.xml:37:5-91
59-->[me.leolin:ShortcutBadger:1.1.22] AndroidManifest.xml:37:22-88
60    <uses-permission android:name="com.huawei.android.launcher.permission.READ_SETTINGS" />
60-->[me.leolin:ShortcutBadger:1.1.22] AndroidManifest.xml:38:5-92
60-->[me.leolin:ShortcutBadger:1.1.22] AndroidManifest.xml:38:22-89
61    <uses-permission android:name="com.huawei.android.launcher.permission.WRITE_SETTINGS" /> <!-- for ZUK -->
61-->[me.leolin:ShortcutBadger:1.1.22] AndroidManifest.xml:39:5-93
61-->[me.leolin:ShortcutBadger:1.1.22] AndroidManifest.xml:39:22-90
62    <uses-permission android:name="android.permission.READ_APP_BADGE" /> <!-- for OPPO -->
62-->[me.leolin:ShortcutBadger:1.1.22] AndroidManifest.xml:42:5-73
62-->[me.leolin:ShortcutBadger:1.1.22] AndroidManifest.xml:42:22-70
63    <uses-permission android:name="com.oppo.launcher.permission.READ_SETTINGS" />
63-->[me.leolin:ShortcutBadger:1.1.22] AndroidManifest.xml:45:5-82
63-->[me.leolin:ShortcutBadger:1.1.22] AndroidManifest.xml:45:22-79
64    <uses-permission android:name="com.oppo.launcher.permission.WRITE_SETTINGS" /> <!-- for EvMe -->
64-->[me.leolin:ShortcutBadger:1.1.22] AndroidManifest.xml:46:5-83
64-->[me.leolin:ShortcutBadger:1.1.22] AndroidManifest.xml:46:22-80
65    <uses-permission android:name="me.everything.badger.permission.BADGE_COUNT_READ" />
65-->[me.leolin:ShortcutBadger:1.1.22] AndroidManifest.xml:49:5-88
65-->[me.leolin:ShortcutBadger:1.1.22] AndroidManifest.xml:49:22-85
66    <uses-permission android:name="me.everything.badger.permission.BADGE_COUNT_WRITE" />
66-->[me.leolin:ShortcutBadger:1.1.22] AndroidManifest.xml:50:5-89
66-->[me.leolin:ShortcutBadger:1.1.22] AndroidManifest.xml:50:22-86
67    <uses-permission android:name="com.google.android.finsky.permission.BIND_GET_INSTALL_REFERRER_SERVICE" />
67-->[com.android.installreferrer:installreferrer:1.0] AndroidManifest.xml:9:5-110
67-->[com.android.installreferrer:installreferrer:1.0] AndroidManifest.xml:9:22-107
68    <uses-permission android:name="android.permission.RECEIVE_BOOT_COMPLETED" />
68-->[com.adpdigital.push:chabok-lib:3.5.0] AndroidManifest.xml:13:5-81
68-->[com.adpdigital.push:chabok-lib:3.5.0] AndroidManifest.xml:13:22-78
69    <uses-permission android:name="android.permission.VIBRATE" />
69-->[com.adpdigital.push:chabok-lib:3.5.0] AndroidManifest.xml:15:5-66
69-->[com.adpdigital.push:chabok-lib:3.5.0] AndroidManifest.xml:15:22-63
70    <uses-permission android:name="android.permission.ACCESS_BACKGROUND_SERVICE" />
70-->[com.adpdigital.push:chabok-lib:3.5.0] AndroidManifest.xml:19:5-84
70-->[com.adpdigital.push:chabok-lib:3.5.0] AndroidManifest.xml:19:22-81
71    <uses-permission android:name="io.chabok.starter.permission.CHABOK_PERMISSION" />
71-->[com.adpdigital.push:chabok-lib:3.5.0] AndroidManifest.xml:40:5-85
71-->[com.adpdigital.push:chabok-lib:3.5.0] AndroidManifest.xml:40:22-82
72
73    <permission
73-->[com.adpdigital.push:chabok-lib:3.5.0] AndroidManifest.xml:42:5-44:47
74        android:name="io.chabok.starter.permission.CHABOK_PERMISSION"
74-->[com.adpdigital.push:chabok-lib:3.5.0] AndroidManifest.xml:43:9-69
75        android:protectionLevel="signature" />
75-->[com.adpdigital.push:chabok-lib:3.5.0] AndroidManifest.xml:44:9-44
76
77    <application
77-->src/main/AndroidManifest.xml:5:3-116
78        android:name="io.chabok.unity.ChabokApp"
78-->[:unityLibrary] AndroidManifest.xml:42:9-49
79        android:appComponentFactory="androidx.core.app.CoreComponentFactory"
79-->[androidx.core:core:1.2.0] AndroidManifest.xml:24:18-86
80        android:backupAgent="com.adpdigital.push.service.ChabokBackupAgent"
80-->[com.adpdigital.push:chabok-lib:3.5.0] AndroidManifest.xml:47:9-76
81        android:debuggable="true"
81-->[:unityLibrary] AndroidManifest.xml:43:9-34
82        android:extractNativeLibs="true"
82-->src/main/AndroidManifest.xml:5:16-48
83        android:fullBackupContent="@xml/chabok_backup_rules"
83-->[com.adpdigital.push:chabok-lib:3.5.0] AndroidManifest.xml:48:9-61
84        android:fullBackupOnly="true"
84-->[com.adpdigital.push:chabok-lib:3.5.0] AndroidManifest.xml:49:9-38
85        android:icon="@mipmap/app_icon"
85-->src/main/AndroidManifest.xml:5:82-113
86        android:label="@string/app_name"
86-->src/main/AndroidManifest.xml:5:49-81
87        android:theme="@style/UnityThemeSelector" >
87-->[:unityLibrary] AndroidManifest.xml:46:9-50
88        <meta-data
88-->[:unityLibrary] AndroidManifest.xml:47:9-49:37
89            android:name="com.adpdigital.push.client.PlatformType"
89-->[:unityLibrary] AndroidManifest.xml:48:13-67
90            android:value="unity" />
90-->[:unityLibrary] AndroidManifest.xml:49:13-34
91
92        <activity
92-->[:unityLibrary] AndroidManifest.xml:51:9-70:20
93            android:name="io.chabok.unity.ChabokActivity"
93-->[:unityLibrary] AndroidManifest.xml:52:13-58
94            android:configChanges="mcc|mnc|locale|touchscreen|keyboard|keyboardHidden|navigation|orientation|screenLayout|uiMode|screenSize|smallestScreenSize|fontScale|layoutDirection|density"
94-->[:unityLibrary] AndroidManifest.xml:53:13-194
95            android:hardwareAccelerated="false"
95-->[:unityLibrary] AndroidManifest.xml:54:13-48
96            android:label="@string/app_name"
96-->[:unityLibrary] AndroidManifest.xml:55:13-45
97            android:launchMode="singleTask"
97-->[:unityLibrary] AndroidManifest.xml:56:13-44
98            android:screenOrientation="fullSensor" >
98-->[:unityLibrary] AndroidManifest.xml:57:13-51
99            <intent-filter>
99-->[:unityLibrary] AndroidManifest.xml:58:13-62:29
100                <action android:name="android.intent.action.MAIN" />
100-->[:unityLibrary] AndroidManifest.xml:59:17-69
100-->[:unityLibrary] AndroidManifest.xml:59:25-66
101
102                <category android:name="android.intent.category.LAUNCHER" />
102-->[:unityLibrary] AndroidManifest.xml:61:17-77
102-->[:unityLibrary] AndroidManifest.xml:61:27-74
103            </intent-filter>
104
105            <meta-data
105-->[:unityLibrary] AndroidManifest.xml:64:13-66:40
106                android:name="unityplayer.UnityActivity"
106-->[:unityLibrary] AndroidManifest.xml:65:17-57
107                android:value="true" />
107-->[:unityLibrary] AndroidManifest.xml:66:17-37
108            <meta-data
108-->[:unityLibrary] AndroidManifest.xml:67:13-69:40
109                android:name="android.notch_support"
109-->[:unityLibrary] AndroidManifest.xml:68:17-53
110                android:value="true" />
110-->[:unityLibrary] AndroidManifest.xml:69:17-37
111        </activity>
112
113        <receiver
113-->[:unityLibrary] AndroidManifest.xml:72:9-79:20
114            android:name="com.adpdigital.push.ChabokReferrerReceiver"
114-->[:unityLibrary] AndroidManifest.xml:73:13-70
115            android:exported="true"
115-->[:unityLibrary] AndroidManifest.xml:74:13-36
116            android:permission="android.permission.INSTALL_PACKAGES" >
116-->[:unityLibrary] AndroidManifest.xml:75:13-69
117            <intent-filter>
117-->[:unityLibrary] AndroidManifest.xml:76:13-78:29
118                <action android:name="com.android.vending.INSTALL_REFERRER" />
118-->[:unityLibrary] AndroidManifest.xml:77:17-79
118-->[:unityLibrary] AndroidManifest.xml:77:25-76
119            </intent-filter>
120        </receiver>
121
122        <meta-data
122-->[:unityLibrary] AndroidManifest.xml:81:9-83:33
123            android:name="unity.splash-mode"
123-->[:unityLibrary] AndroidManifest.xml:82:13-45
124            android:value="0" />
124-->[:unityLibrary] AndroidManifest.xml:83:13-30
125        <meta-data
125-->[:unityLibrary] AndroidManifest.xml:84:9-86:36
126            android:name="unity.splash-enable"
126-->[:unityLibrary] AndroidManifest.xml:85:13-47
127            android:value="True" />
127-->[:unityLibrary] AndroidManifest.xml:86:13-33
128        <meta-data
128-->[:unityLibrary] AndroidManifest.xml:87:9-89:50
129            android:name="notch.config"
129-->[:unityLibrary] AndroidManifest.xml:88:13-40
130            android:value="portrait|landscape" />
130-->[:unityLibrary] AndroidManifest.xml:89:13-47
131        <meta-data
131-->[:unityLibrary] AndroidManifest.xml:90:9-92:68
132            android:name="unity.build-id"
132-->[:unityLibrary] AndroidManifest.xml:91:13-42
133            android:value="69c20736-717d-42c4-b207-601aaeaf0c99" />
133-->[:unityLibrary] AndroidManifest.xml:92:13-65
134
135        <provider
135-->[com.adpdigital.push:chabok-lib:3.5.0] AndroidManifest.xml:50:9-54:39
136            android:name="com.adpdigital.push.ChabokContentProvider"
136-->[com.adpdigital.push:chabok-lib:3.5.0] AndroidManifest.xml:51:13-69
137            android:authorities="io.chabok.starter.chabokcontentprovider"
137-->[com.adpdigital.push:chabok-lib:3.5.0] AndroidManifest.xml:52:13-73
138            android:exported="false"
138-->[com.adpdigital.push:chabok-lib:3.5.0] AndroidManifest.xml:53:13-37
139            android:initOrder="100" />
139-->[com.adpdigital.push:chabok-lib:3.5.0] AndroidManifest.xml:54:13-36
140
141        <receiver
141-->[com.adpdigital.push:chabok-lib:3.5.0] AndroidManifest.xml:56:9-59:82
142            android:name="com.adpdigital.push.service.ChabokNotificationOpenedReceiver"
142-->[com.adpdigital.push:chabok-lib:3.5.0] AndroidManifest.xml:57:13-88
143            android:exported="false"
143-->[com.adpdigital.push:chabok-lib:3.5.0] AndroidManifest.xml:58:13-37
144            android:permission="io.chabok.starter.permission.CHABOK_PERMISSION" /> <!-- For targetSDK 28 and Android 9 -->
144-->[com.adpdigital.push:chabok-lib:3.5.0] AndroidManifest.xml:59:13-79
145        <uses-library
145-->[com.adpdigital.push:chabok-lib:3.5.0] AndroidManifest.xml:61:9-63:40
146            android:name="org.apache.http.legacy"
146-->[com.adpdigital.push:chabok-lib:3.5.0] AndroidManifest.xml:62:13-50
147            android:required="false" />
147-->[com.adpdigital.push:chabok-lib:3.5.0] AndroidManifest.xml:63:13-37
148
149        <service
149-->[com.adpdigital.push:chabok-lib:3.5.0] AndroidManifest.xml:65:9-71:19
150            android:name="com.adpdigital.push.ChabokFirebaseMessaging"
150-->[com.adpdigital.push:chabok-lib:3.5.0] AndroidManifest.xml:66:13-71
151            android:exported="false" >
151-->[com.adpdigital.push:chabok-lib:3.5.0] AndroidManifest.xml:67:13-37
152            <intent-filter>
152-->[com.adpdigital.push:chabok-lib:3.5.0] AndroidManifest.xml:68:13-70:29
153                <action android:name="com.google.firebase.MESSAGING_EVENT" />
153-->[com.adpdigital.push:chabok-lib:3.5.0] AndroidManifest.xml:69:17-78
153-->[com.adpdigital.push:chabok-lib:3.5.0] AndroidManifest.xml:69:25-75
154            </intent-filter>
155        </service>
156
157        <receiver
157-->[com.adpdigital.push:chabok-lib:3.5.0] AndroidManifest.xml:73:9-76:82
158            android:name="com.adpdigital.push.ChabokWatchDog"
158-->[com.adpdigital.push:chabok-lib:3.5.0] AndroidManifest.xml:74:13-62
159            android:exported="false"
159-->[com.adpdigital.push:chabok-lib:3.5.0] AndroidManifest.xml:75:13-37
160            android:permission="io.chabok.starter.permission.CHABOK_PERMISSION" />
160-->[com.adpdigital.push:chabok-lib:3.5.0] AndroidManifest.xml:76:13-79
161
162        <service
162-->[com.adpdigital.push:chabok-lib:3.5.0] AndroidManifest.xml:78:9-81:40
163            android:name="com.adpdigital.push.PushService"
163-->[com.adpdigital.push:chabok-lib:3.5.0] AndroidManifest.xml:79:13-59
164            android:enabled="true"
164-->[com.adpdigital.push:chabok-lib:3.5.0] AndroidManifest.xml:80:13-35
165            android:exported="false" />
165-->[com.adpdigital.push:chabok-lib:3.5.0] AndroidManifest.xml:81:13-37
166
167        <receiver
167-->[com.adpdigital.push:chabok-lib:3.5.0] AndroidManifest.xml:83:9-92:20
168            android:name="com.adpdigital.push.AdpBroadcastReceiver"
168-->[com.adpdigital.push:chabok-lib:3.5.0] AndroidManifest.xml:84:13-68
169            android:enabled="true"
169-->[com.adpdigital.push:chabok-lib:3.5.0] AndroidManifest.xml:85:13-35
170            android:exported="false"
170-->[com.adpdigital.push:chabok-lib:3.5.0] AndroidManifest.xml:86:13-37
171            android:permission="io.chabok.starter.permission.CHABOK_PERMISSION" >
171-->[com.adpdigital.push:chabok-lib:3.5.0] AndroidManifest.xml:87:13-79
172            <intent-filter>
172-->[com.adpdigital.push:chabok-lib:3.5.0] AndroidManifest.xml:88:13-91:29
173                <action android:name="com.adpdigital.push.service.RESTART" />
173-->[com.adpdigital.push:chabok-lib:3.5.0] AndroidManifest.xml:89:17-78
173-->[com.adpdigital.push:chabok-lib:3.5.0] AndroidManifest.xml:89:25-75
174                <action android:name="android.intent.action.BOOT_COMPLETED" />
174-->[com.adpdigital.push:chabok-lib:3.5.0] AndroidManifest.xml:90:17-79
174-->[com.adpdigital.push:chabok-lib:3.5.0] AndroidManifest.xml:90:25-76
175            </intent-filter>
176        </receiver>
177        <!--
178             FirebaseMessagingService performs security checks at runtime,
179             but set to not exported to explicitly avoid allowing another app to call it.
180        -->
181        <service
181-->[com.google.firebase:firebase-messaging:20.2.4] AndroidManifest.xml:28:9-35:19
182            android:name="com.google.firebase.messaging.FirebaseMessagingService"
182-->[com.google.firebase:firebase-messaging:20.2.4] AndroidManifest.xml:29:13-82
183            android:directBootAware="true"
183-->[com.google.firebase:firebase-messaging:20.2.4] AndroidManifest.xml:30:13-43
184            android:exported="false" >
184-->[com.google.firebase:firebase-messaging:20.2.4] AndroidManifest.xml:31:13-37
185            <intent-filter android:priority="-500" >
185-->[com.adpdigital.push:chabok-lib:3.5.0] AndroidManifest.xml:68:13-70:29
186                <action android:name="com.google.firebase.MESSAGING_EVENT" />
186-->[com.adpdigital.push:chabok-lib:3.5.0] AndroidManifest.xml:69:17-78
186-->[com.adpdigital.push:chabok-lib:3.5.0] AndroidManifest.xml:69:25-75
187            </intent-filter>
188        </service>
189        <service
189-->[com.google.firebase:firebase-messaging:20.2.4] AndroidManifest.xml:36:9-42:19
190            android:name="com.google.firebase.components.ComponentDiscoveryService"
190-->[com.google.firebase:firebase-messaging:20.2.4] AndroidManifest.xml:37:13-84
191            android:directBootAware="true"
191-->[com.google.firebase:firebase-common:19.3.1] AndroidManifest.xml:35:13-43
192            android:exported="false" >
192-->[com.google.firebase:firebase-messaging:20.2.4] AndroidManifest.xml:38:13-37
193            <meta-data
193-->[com.google.firebase:firebase-messaging:20.2.4] AndroidManifest.xml:39:13-41:85
194                android:name="com.google.firebase.components:com.google.firebase.messaging.FirebaseMessagingRegistrar"
194-->[com.google.firebase:firebase-messaging:20.2.4] AndroidManifest.xml:40:17-119
195                android:value="com.google.firebase.components.ComponentRegistrar" />
195-->[com.google.firebase:firebase-messaging:20.2.4] AndroidManifest.xml:41:17-82
196            <meta-data
196-->[com.google.firebase:firebase-iid:20.2.3] AndroidManifest.xml:32:13-34:85
197                android:name="com.google.firebase.components:com.google.firebase.iid.Registrar"
197-->[com.google.firebase:firebase-iid:20.2.3] AndroidManifest.xml:33:17-96
198                android:value="com.google.firebase.components.ComponentRegistrar" />
198-->[com.google.firebase:firebase-iid:20.2.3] AndroidManifest.xml:34:17-82
199            <meta-data
199-->[com.google.android.gms:play-services-measurement-api:17.5.0] AndroidManifest.xml:30:13-32:85
200                android:name="com.google.firebase.components:com.google.firebase.analytics.connector.internal.AnalyticsConnectorRegistrar"
200-->[com.google.android.gms:play-services-measurement-api:17.5.0] AndroidManifest.xml:31:17-139
201                android:value="com.google.firebase.components.ComponentRegistrar" />
201-->[com.google.android.gms:play-services-measurement-api:17.5.0] AndroidManifest.xml:32:17-82
202            <meta-data
202-->[com.google.firebase:firebase-datatransport:17.0.3] AndroidManifest.xml:28:13-30:85
203                android:name="com.google.firebase.components:com.google.firebase.datatransport.TransportRegistrar"
203-->[com.google.firebase:firebase-datatransport:17.0.3] AndroidManifest.xml:29:17-115
204                android:value="com.google.firebase.components.ComponentRegistrar" />
204-->[com.google.firebase:firebase-datatransport:17.0.3] AndroidManifest.xml:30:17-82
205            <meta-data
205-->[com.google.firebase:firebase-installations:16.3.3] AndroidManifest.xml:17:13-19:85
206                android:name="com.google.firebase.components:com.google.firebase.installations.FirebaseInstallationsRegistrar"
206-->[com.google.firebase:firebase-installations:16.3.3] AndroidManifest.xml:18:17-127
207                android:value="com.google.firebase.components.ComponentRegistrar" />
207-->[com.google.firebase:firebase-installations:16.3.3] AndroidManifest.xml:19:17-82
208        </service>
209
210        <receiver
210-->[com.google.firebase:firebase-iid:20.2.3] AndroidManifest.xml:37:9-44:20
211            android:name="com.google.firebase.iid.FirebaseInstanceIdReceiver"
211-->[com.google.firebase:firebase-iid:20.2.3] AndroidManifest.xml:38:13-78
212            android:exported="true"
212-->[com.google.firebase:firebase-iid:20.2.3] AndroidManifest.xml:39:13-36
213            android:permission="com.google.android.c2dm.permission.SEND" >
213-->[com.google.firebase:firebase-iid:20.2.3] AndroidManifest.xml:40:13-73
214            <intent-filter>
214-->[com.google.firebase:firebase-iid:20.2.3] AndroidManifest.xml:41:13-43:29
215                <action android:name="com.google.android.c2dm.intent.RECEIVE" />
215-->[com.google.firebase:firebase-iid:20.2.3] AndroidManifest.xml:42:17-81
215-->[com.google.firebase:firebase-iid:20.2.3] AndroidManifest.xml:42:25-78
216            </intent-filter>
217        </receiver>
218
219        <activity
219-->[com.google.android.gms:play-services-base:17.4.0] AndroidManifest.xml:23:9-26:75
220            android:name="com.google.android.gms.common.api.GoogleApiActivity"
220-->[com.google.android.gms:play-services-base:17.4.0] AndroidManifest.xml:24:13-79
221            android:exported="false"
221-->[com.google.android.gms:play-services-base:17.4.0] AndroidManifest.xml:25:13-37
222            android:theme="@android:style/Theme.Translucent.NoTitleBar" />
222-->[com.google.android.gms:play-services-base:17.4.0] AndroidManifest.xml:26:13-72
223
224        <provider
224-->[com.google.firebase:firebase-common:19.3.1] AndroidManifest.xml:26:9-31:39
225            android:name="com.google.firebase.provider.FirebaseInitProvider"
225-->[com.google.firebase:firebase-common:19.3.1] AndroidManifest.xml:27:13-77
226            android:authorities="io.chabok.starter.firebaseinitprovider"
226-->[com.google.firebase:firebase-common:19.3.1] AndroidManifest.xml:28:13-72
227            android:directBootAware="true"
227-->[com.google.firebase:firebase-common:19.3.1] AndroidManifest.xml:29:13-43
228            android:exported="false"
228-->[com.google.firebase:firebase-common:19.3.1] AndroidManifest.xml:30:13-37
229            android:initOrder="100" />
229-->[com.google.firebase:firebase-common:19.3.1] AndroidManifest.xml:31:13-36
230
231        <service
231-->[com.google.firebase:firebase-messaging-unity:6.16.1] AndroidManifest.xml:18:5-23:15
232            android:name="com.google.firebase.messaging.cpp.ListenerService"
232-->[com.google.firebase:firebase-messaging-unity:6.16.1] AndroidManifest.xml:18:14-78
233            android:exported="false" >
233-->[com.google.firebase:firebase-messaging-unity:6.16.1] AndroidManifest.xml:19:14-38
234            <intent-filter>
234-->[com.adpdigital.push:chabok-lib:3.5.0] AndroidManifest.xml:68:13-70:29
235                <action android:name="com.google.firebase.MESSAGING_EVENT" />
235-->[com.adpdigital.push:chabok-lib:3.5.0] AndroidManifest.xml:69:17-78
235-->[com.adpdigital.push:chabok-lib:3.5.0] AndroidManifest.xml:69:25-75
236            </intent-filter>
237        </service>
238        <service
238-->[com.google.firebase:firebase-messaging-unity:6.16.1] AndroidManifest.xml:25:5-27:15
239            android:name="com.google.firebase.messaging.cpp.RegistrationIntentService"
239-->[com.google.firebase:firebase-messaging-unity:6.16.1] AndroidManifest.xml:25:14-88
240            android:exported="false" >
240-->[com.google.firebase:firebase-messaging-unity:6.16.1] AndroidManifest.xml:26:14-38
241        </service>
242
243        <receiver
243-->[com.google.android.gms:play-services-measurement:17.5.0] AndroidManifest.xml:29:9-33:20
244            android:name="com.google.android.gms.measurement.AppMeasurementReceiver"
244-->[com.google.android.gms:play-services-measurement:17.5.0] AndroidManifest.xml:30:13-85
245            android:enabled="true"
245-->[com.google.android.gms:play-services-measurement:17.5.0] AndroidManifest.xml:31:13-35
246            android:exported="false" >
246-->[com.google.android.gms:play-services-measurement:17.5.0] AndroidManifest.xml:32:13-37
247        </receiver>
248
249        <service
249-->[com.google.android.gms:play-services-measurement:17.5.0] AndroidManifest.xml:35:9-38:40
250            android:name="com.google.android.gms.measurement.AppMeasurementService"
250-->[com.google.android.gms:play-services-measurement:17.5.0] AndroidManifest.xml:36:13-84
251            android:enabled="true"
251-->[com.google.android.gms:play-services-measurement:17.5.0] AndroidManifest.xml:37:13-35
252            android:exported="false" />
252-->[com.google.android.gms:play-services-measurement:17.5.0] AndroidManifest.xml:38:13-37
253        <service
253-->[com.google.android.gms:play-services-measurement:17.5.0] AndroidManifest.xml:39:9-43:72
254            android:name="com.google.android.gms.measurement.AppMeasurementJobService"
254-->[com.google.android.gms:play-services-measurement:17.5.0] AndroidManifest.xml:40:13-87
255            android:enabled="true"
255-->[com.google.android.gms:play-services-measurement:17.5.0] AndroidManifest.xml:41:13-35
256            android:exported="false"
256-->[com.google.android.gms:play-services-measurement:17.5.0] AndroidManifest.xml:42:13-37
257            android:permission="android.permission.BIND_JOB_SERVICE" />
257-->[com.google.android.gms:play-services-measurement:17.5.0] AndroidManifest.xml:43:13-69
258
259        <meta-data
259-->[com.google.android.gms:play-services-basement:17.4.0] AndroidManifest.xml:23:9-25:69
260            android:name="com.google.android.gms.version"
260-->[com.google.android.gms:play-services-basement:17.4.0] AndroidManifest.xml:24:13-58
261            android:value="@integer/google_play_services_version" />
261-->[com.google.android.gms:play-services-basement:17.4.0] AndroidManifest.xml:25:13-66
262
263        <service
263-->[com.google.android.datatransport:transport-backend-cct:2.2.0] AndroidManifest.xml:29:9-35:19
264            android:name="com.google.android.datatransport.runtime.backends.TransportBackendDiscovery"
264-->[com.google.android.datatransport:transport-backend-cct:2.2.0] AndroidManifest.xml:30:13-103
265            android:exported="false" >
265-->[com.google.android.datatransport:transport-backend-cct:2.2.0] AndroidManifest.xml:31:13-37
266            <meta-data
266-->[com.google.android.datatransport:transport-backend-cct:2.2.0] AndroidManifest.xml:32:13-34:39
267                android:name="backend:com.google.android.datatransport.cct.CctBackendFactory"